<?xml version="1.0" encoding="UTF-8"?>
<!-- Generated by org.testng.reporters.JUnitReportReporter -->
<testsuite hostname="Yehia-pc" failures="0" tests="4" name="TestCases.TC01_CustomerLogin" time="13.757" errors="0" timestamp="2023-10-21T20:52:42 EET" skipped="0">
  <testcase classname="TestCases.TC01_CustomerLogin" name="customerLogin" time="3.438"/>
  <system-out/>
  <testcase classname="TestCases.TC01_CustomerLogin" name="Withdrawl" time="1.334"/>
  <system-out/>
  <testcase classname="TestCases.TC01_CustomerLogin" name="TransActions" time="7.537"/>
  <system-out/>
  <testcase classname="TestCases.TC01_CustomerLogin" name="deposit" time="1.448"/>
  <system-out/>
</testsuite> <!-- TestCases.TC01_CustomerLogin -->
