<?xml version="1.0" encoding="UTF-8"?>
<!-- Generated by org.testng.reporters.JUnitReportReporter -->
<testsuite hostname="Yehia-pc" failures="0" tests="1" name="TestCases.TC01_CustomerLogin" time="9.082" errors="0" timestamp="2023-10-20T17:13:42 EET" skipped="0">
  <testcase classname="TestCases.TC01_CustomerLogin" name="customerLogin" time="9.082"/>
  <system-out/>
</testsuite> <!-- TestCases.TC01_CustomerLogin -->
